<?xml version="1.0" encoding="UTF-8"?>
<testng-results ignored="0" total="1" passed="1" failed="0" skipped="0">
  <reporter-output>
  </reporter-output>
  <suite started-at="2020-07-15T09:44:13 MST" name="Suite" finished-at="2020-07-15T09:44:13 MST" duration-ms="39">
    <groups>
    </groups>
    <test started-at="2020-07-15T09:44:13 MST" name="Test" finished-at="2020-07-15T09:44:13 MST" duration-ms="39">
      <class name="LAOpractice.OpenHrmMangement.AppTest">
        <test-method signature="print()[pri:0, instance:LAOpractice.OpenHrmMangement.AppTest@35ef1869]" started-at="2020-07-15T09:44:13 MST" name="print" finished-at="2020-07-15T09:44:13 MST" duration-ms="5" status="PASS">
          <reporter-output>
          </reporter-output>
        </test-method> <!-- print -->
      </class> <!-- LAOpractice.OpenHrmMangement.AppTest -->
    </test> <!-- Test -->
  </suite> <!-- Suite -->
</testng-results>
