<?xml version="1.0" encoding="UTF-8"?>
<testng-results ignored="0" total="1" passed="1" failed="0" skipped="0">
  <reporter-output>
  </reporter-output>
  <suite started-at="2020-07-15T10:09:37 MST" name="HRM Test Suite" finished-at="2020-07-15T10:09:37 MST" duration-ms="44">
    <groups>
    </groups>
    <test started-at="2020-07-15T10:09:37 MST" name="Pending Leave Request Test case" finished-at="2020-07-15T10:09:37 MST" duration-ms="44">
      <class name="TestCases.TestCheckUserRole">
        <test-method signature="print()[pri:0, instance:TestCases.TestCheckUserRole@3349e9bb]" started-at="2020-07-15T10:09:37 MST" name="print" finished-at="2020-07-15T10:09:37 MST" duration-ms="9" status="PASS">
          <reporter-output>
          </reporter-output>
        </test-method> <!-- print -->
      </class> <!-- TestCases.TestCheckUserRole -->
    </test> <!-- Pending Leave Request Test case -->
  </suite> <!-- HRM Test Suite -->
</testng-results>
